foundation/compose/build/intermediates/manifest_merge_blame_file/internal/manifest-merger-blame-internal-report.txt
1<?xml version="1.0" encoding="utf-8"?>
2<manifest xmlns:android="http://schemas.android.com/apk/res/android"
3    package="biped.works.compose" >
4
5    <uses-sdk
6        android:minSdkVersion="24"
6-->ProcessLibraryManifest/internal/tempAndroidManifest16322679695353059869.xml
7        android:targetSdkVersion="33" />
7-->ProcessLibraryManifest/internal/tempAndroidManifest16322679695353059869.xml
8
9</manifest>